[2021-11-20 18:46:12,585: INFO: 01_base_model_creation]: 
********************
[2021-11-20 18:46:12,585: INFO: 01_base_model_creation]: >>>>> stage creating base model started <<<<<
[2021-11-20 18:46:12,587: INFO: common]: yaml file: configs/config.yaml loaded successfully
[2021-11-20 18:46:14,814: INFO: 01_base_model_creation]: base model summary: 
Model: "sequential"
_________________________________________________________________
 Layer (type)                Output Shape              Param #   
=================================================================
 inputlayer (Flatten)        (None, 784)               0         
                                                                 
 hiddenlayer1 (Dense)        (None, 300)               235500    
                                                                 
 leaky_re_lu (LeakyReLU)     (None, 300)               0         
                                                                 
 hiddenlayer2 (Dense)        (None, 100)               30100     
                                                                 
 leaky_re_lu_1 (LeakyReLU)   (None, 100)               0         
                                                                 
 outputlayer (Dense)         (None, 10)                1010      
                                                                 
=================================================================
Total params: 266,610
Trainable params: 266,610
Non-trainable params: 0
_________________________________________________________________

[2021-11-20 18:46:52,768: INFO: common]: created directory at: artifacts\models
[2021-11-20 18:46:53,180: INFO: 01_base_model_creation]: base model is saved at artifacts\models\base_model.h5
[2021-11-20 18:46:53,827: INFO: 01_base_model_creation]: evaluation metrics [0.3162614703178406, 0.9092000126838684]
[2021-11-20 18:46:53,878: INFO: 01_base_model_creation]: >>>>> stage creating base model completed!<<<<<

